2013-12-02 20:00:10 Debug: Array
(
    [nickname] => Array
        (
            [0] => タイトル名を入力して下さい。
        )

)

2013-12-02 20:00:19 Debug: Array
(
    [nickname] => Array
        (
            [0] => タイトル名を入力して下さい。
        )

)

2013-12-02 20:02:19 Debug: Array
(
    [nickname] => Array
        (
            [0] => タイトル名を入力して下さい。
        )

)

2013-12-02 20:03:14 Debug: Array
(
    [nickname] => Array
        (
            [0] => タイトル名を入力して下さい。
        )

)

2013-12-02 20:11:00 Debug: Array
(
    [nickname] => Array
        (
            [0] => タイトル名を入力して下さい。
        )

)

2013-12-02 20:11:41 Debug: Array
(
    [nickname] => Array
        (
            [0] => タイトル名を入力して下さい。
        )

)

2013-12-02 20:11:55 Debug: Array
(
    [nickname] => Array
        (
            [0] => タイトル名を入力して下さい。
        )

)

2013-12-02 20:12:20 Debug: Array
(
    [nickname] => Array
        (
            [0] => タイトル名を入力して下さい。
        )

)

2013-12-02 20:13:20 Debug: Array
(
    [nickname] => Array
        (
            [0] => タイトル名を入力して下さい。
        )

)

2013-12-02 20:13:57 Debug: Array
(
    [nickname] => Array
        (
            [0] => タイトル名を入力して下さい。
        )

)

2013-12-02 20:16:13 Debug: Array
(
    [nickname] => Array
        (
            [0] => タイトル名を入力して下さい。
        )

)

2013-12-02 20:24:16 Debug: Array
(
    [nickname] => Array
        (
            [0] => タイトル名を入力して下さい。
        )

)

2013-12-02 20:25:22 Debug: Array
(
    [nickname] => Array
        (
            [0] => タイトル名を入力して下さい。
        )

)

2013-12-02 20:25:46 Debug: Array
(
    [nickname] => Array
        (
            [0] => タイトル名を入力して下さい。
        )

)

2013-12-02 20:36:06 Debug: Array
(
    [nickname] => Array
        (
            [0] => タイトル名を入力して下さい。
        )

)

2013-12-02 20:36:36 Debug: Array
(
    [nickname] => Array
        (
            [0] => タイトル名を入力して下さい。
        )

)

2013-12-02 20:37:00 Debug: Array
(
    [nickname] => Array
        (
            [0] => タイトル名を入力して下さい。
        )

)

2013-12-02 20:37:31 Debug: Array
(
    [nickname] => Array
        (
            [0] => タイトル名を入力して下さい。
        )

)

2013-12-02 20:37:53 Debug: Array
(
    [nickname] => Array
        (
            [0] => タイトル名を入力して下さい。
        )

)

2013-12-02 20:38:29 Debug: Array
(
    [nickname] => Array
        (
            [0] => タイトル名を入力して下さい。
        )

)

2013-12-03 09:57:32 Debug: Array
(
    [nickname] => Array
        (
            [0] => タイトル名を入力して下さい。
        )

)

2013-12-03 10:02:58 Debug: Array
(
    [nickname] => Array
        (
            [0] => タイトル名を入力して下さい。
        )

)

2013-12-03 10:04:29 Debug: Array
(
    [nickname] => Array
        (
            [0] => タイトル名を入力して下さい。
        )

)

2013-12-03 10:04:48 Debug: Array
(
    [nickname] => Array
        (
            [0] => タイトル名を入力して下さい。
        )

)

2013-12-03 10:04:57 Debug: Array
(
    [nickname] => Array
        (
            [0] => タイトル名を入力して下さい。
        )

)

2013-12-03 10:05:18 Debug: Array
(
    [nickname] => Array
        (
            [0] => タイトル名を入力して下さい。
        )

)

2013-12-03 10:06:30 Debug: Array
(
    [nickname] => Array
        (
            [0] => タイトル名を入力して下さい。
        )

)

2013-12-03 10:06:36 Debug: Array
(
    [nickname] => Array
        (
            [0] => タイトル名を入力して下さい。
        )

)

2013-12-03 10:07:08 Debug: Array
(
    [nickname] => Array
        (
            [0] => タイトル名を入力して下さい。
        )

)

2013-12-03 10:08:40 Debug: Array
(
    [nickname] => Array
        (
            [0] => タイトル名を入力して下さい。
        )

)

2013-12-03 10:09:11 Debug: Array
(
    [nickname] => Array
        (
            [0] => タイトル名を入力して下さい。
        )

)

2013-12-03 10:26:29 Debug: Array
(
    [nickname] => Array
        (
            [0] => タイトル名を入力して下さい。
        )

)

2013-12-03 10:26:50 Debug: Array
(
    [nickname] => Array
        (
            [0] => タイトル名を入力して下さい。
        )

)

2013-12-03 10:34:29 Debug: Array
(
    [nickname] => Array
        (
            [0] => タイトル名を入力して下さい。
        )

)

2013-12-03 10:38:03 Debug: Array
(
    [nickname] => Array
        (
            [0] => タイトル名を入力して下さい。
        )

)

2013-12-03 10:38:44 Debug: Array
(
    [nickname] => Array
        (
            [0] => タイトル名を入力して下さい。
        )

)

2013-12-03 10:39:10 Debug: Array
(
    [nickname] => Array
        (
            [0] => タイトル名を入力して下さい。
        )

)

2013-12-03 10:39:36 Debug: Array
(
    [nickname] => Array
        (
            [0] => タイトル名を入力して下さい。
        )

)

2013-12-03 10:40:13 Debug: Array
(
    [nickname] => Array
        (
            [0] => タイトル名を入力して下さい。
        )

)

2013-12-03 10:40:46 Debug: Array
(
    [nickname] => Array
        (
            [0] => タイトル名を入力して下さい。
        )

)

2013-12-03 10:40:53 Debug: Array
(
    [nickname] => Array
        (
            [0] => タイトル名を入力して下さい。
        )

)

2013-12-03 10:41:25 Debug: Array
(
    [nickname] => Array
        (
            [0] => タイトル名を入力して下さい。
        )

)

2013-12-03 10:41:32 Debug: Array
(
    [nickname] => Array
        (
            [0] => タイトル名を入力して下さい。
        )

)

2013-12-03 10:43:24 Debug: Array
(
    [nickname] => Array
        (
            [0] => タイトル名を入力して下さい。
        )

)

2013-12-03 10:43:55 Debug: Array
(
    [nickname] => Array
        (
            [0] => タイトル名を入力して下さい。
        )

)

2013-12-03 10:43:56 Debug: Array
(
    [nickname] => Array
        (
            [0] => タイトル名を入力して下さい。
        )

)

2013-12-03 10:50:21 Debug: Array
(
    [nickname] => Array
        (
            [0] => タイトル名を入力して下さい。
        )

)

2013-12-03 10:50:50 Debug: Array
(
    [nickname] => Array
        (
            [0] => タイトル名を入力して下さい。
        )

)

2013-12-03 10:54:55 Debug: Array
(
    [nickname] => Array
        (
            [0] => タイトル名を入力して下さい。
        )

)

2013-12-03 11:01:45 Debug: Array
(
    [nickname] => Array
        (
            [0] => タイトル名を入力して下さい。
        )

)

2013-12-03 11:06:07 Debug: Array
(
    [nickname] => Array
        (
            [0] => タイトル名を入力して下さい。
        )

)

2013-12-03 11:06:24 Debug: Array
(
    [nickname] => Array
        (
            [0] => タイトル名を入力して下さい。
        )

)

2013-12-03 11:06:27 Debug: Array
(
    [nickname] => Array
        (
            [0] => タイトル名を入力して下さい。
        )

)

2013-12-03 11:12:31 Debug: Array
(
    [nickname] => Array
        (
            [0] => タイトル名を入力して下さい。
        )

)

2013-12-03 11:12:50 Debug: Array
(
    [nickname] => Array
        (
            [0] => タイトル名を入力して下さい。
        )

)

2013-12-03 11:14:05 Debug: Array
(
    [nickname] => Array
        (
            [0] => タイトル名を入力して下さい。
        )

)

2013-12-03 11:15:12 Debug: Array
(
    [nickname] => Array
        (
            [0] => タイトル名を入力して下さい。
        )

)

2013-12-03 11:16:11 Debug: Array
(
    [nickname] => Array
        (
            [0] => タイトル名を入力して下さい。
        )

)

2013-12-03 11:16:56 Debug: Array
(
    [nickname] => Array
        (
            [0] => タイトル名を入力して下さい。
        )

)

2013-12-03 11:17:01 Debug: Array
(
    [nickname] => Array
        (
            [0] => タイトル名を入力して下さい。
        )

)

2013-12-03 11:18:45 Debug: Array
(
    [nickname] => Array
        (
            [0] => タイトル名を入力して下さい。
        )

)

2013-12-03 11:19:35 Debug: Array
(
    [nickname] => Array
        (
            [0] => タイトル名を入力して下さい。
        )

)

2013-12-03 11:19:41 Debug: Array
(
    [nickname] => Array
        (
            [0] => タイトル名を入力して下さい。
        )

)

2013-12-03 11:19:45 Debug: Array
(
    [nickname] => Array
        (
            [0] => タイトル名を入力して下さい。
        )

)

2013-12-03 11:19:47 Debug: Array
(
    [nickname] => Array
        (
            [0] => タイトル名を入力して下さい。
        )

)

2013-12-03 11:19:49 Debug: Array
(
    [nickname] => Array
        (
            [0] => タイトル名を入力して下さい。
        )

)

2013-12-03 11:23:02 Debug: Array
(
    [nickname] => Array
        (
            [0] => タイトル名を入力して下さい。
        )

)

2013-12-03 11:23:06 Debug: Array
(
    [nickname] => Array
        (
            [0] => タイトル名を入力して下さい。
        )

)

2013-12-03 11:23:26 Debug: Array
(
    [nickname] => Array
        (
            [0] => タイトル名を入力して下さい。
        )

)

2013-12-03 11:23:33 Debug: Array
(
    [nickname] => Array
        (
            [0] => タイトル名を入力して下さい。
        )

)

2013-12-03 11:23:44 Debug: Array
(
    [nickname] => Array
        (
            [0] => タイトル名を入力して下さい。
        )

)

2013-12-03 11:24:14 Debug: Array
(
    [nickname] => Array
        (
            [0] => タイトル名を入力して下さい。
        )

)

2013-12-03 11:24:18 Debug: Array
(
    [nickname] => Array
        (
            [0] => タイトル名を入力して下さい。
        )

)

2013-12-03 11:30:46 Debug: Array
(
    [nickname] => Array
        (
            [0] => タイトル名を入力して下さい。
        )

)

2013-12-03 11:31:10 Debug: Array
(
    [nickname] => Array
        (
            [0] => タイトル名を入力して下さい。
        )

)

2013-12-03 11:31:39 Debug: Array
(
    [nickname] => Array
        (
            [0] => タイトル名を入力して下さい。
        )

)

2013-12-03 11:31:52 Debug: Array
(
    [nickname] => Array
        (
            [0] => タイトル名を入力して下さい。
        )

)

2013-12-03 11:32:14 Debug: Array
(
    [nickname] => Array
        (
            [0] => タイトル名を入力して下さい。
        )

)

2013-12-03 11:32:19 Debug: Array
(
    [nickname] => Array
        (
            [0] => タイトル名を入力して下さい。
        )

)

2013-12-03 11:32:32 Debug: Array
(
    [nickname] => Array
        (
            [0] => タイトル名を入力して下さい。
        )

)

2013-12-03 11:32:35 Debug: Array
(
    [nickname] => Array
        (
            [0] => タイトル名を入力して下さい。
        )

)

2013-12-03 11:32:44 Debug: Array
(
    [nickname] => Array
        (
            [0] => タイトル名を入力して下さい。
        )

)

2013-12-03 11:32:50 Debug: Array
(
    [nickname] => Array
        (
            [0] => タイトル名を入力して下さい。
        )

)

2013-12-03 11:33:27 Debug: Array
(
    [nickname] => Array
        (
            [0] => タイトル名を入力して下さい。
        )

)

2013-12-03 11:33:37 Debug: Array
(
    [nickname] => Array
        (
            [0] => タイトル名を入力して下さい。
        )

)

2013-12-03 11:33:40 Debug: Array
(
    [nickname] => Array
        (
            [0] => タイトル名を入力して下さい。
        )

)

2013-12-03 11:35:02 Debug: Array
(
    [nickname] => Array
        (
            [0] => タイトル名を入力して下さい。
        )

)

2013-12-03 11:35:07 Debug: Array
(
    [nickname] => Array
        (
            [0] => タイトル名を入力して下さい。
        )

)

2013-12-03 11:44:00 Debug: Array
(
    [nickname] => Array
        (
            [0] => タイトル名を入力して下さい。
        )

)

2013-12-03 11:44:05 Debug: Array
(
    [nickname] => Array
        (
            [0] => タイトル名を入力して下さい。
        )

)

2013-12-03 11:47:17 Debug: Array
(
    [nickname] => Array
        (
            [0] => タイトル名を入力して下さい。
        )

)

2013-12-03 11:48:54 Debug: Array
(
    [nickname] => Array
        (
            [0] => タイトル名を入力して下さい。
        )

)

2013-12-03 11:49:07 Debug: Array
(
    [nickname] => Array
        (
            [0] => タイトル名を入力して下さい。
        )

)

2013-12-03 11:49:11 Debug: Array
(
    [nickname] => Array
        (
            [0] => タイトル名を入力して下さい。
        )

)

2013-12-03 11:49:17 Debug: Array
(
    [nickname] => Array
        (
            [0] => タイトル名を入力して下さい。
        )

)

2013-12-03 11:49:21 Debug: Array
(
    [nickname] => Array
        (
            [0] => タイトル名を入力して下さい。
        )

)

